<?xml version="1.0" encoding="UTF-8"?>
<!-- Generated by org.testng.reporters.JUnitReportReporter -->
<testsuite skipped="0" hostname="Nikita-PC" name="testNG.TestCasesForLogin" tests="1" failures="0" timestamp="09 Dec 2017 00:14:27 GMT" time="4.108" errors="0">
  <testcase name="Verify_user_can_Login_in_with_valid_Email_and_Password_combination" time="4.108" classname="testNG.TestCasesForLogin"/>
</testsuite> <!-- testNG.TestCasesForLogin -->
